2016-08-30 10:18:58,342  DEBUG - debug message
2016-08-30 10:18:58,357  INFO - info message
2016-08-30 10:18:58,368  WARNING - warn message
2016-08-30 10:18:58,381  ERROR - error message
2016-08-30 10:19:07,062  DEBUG - debug message
2016-08-30 10:19:07,062  DEBUG - debug message
2016-08-30 10:19:07,079  INFO - info message
2016-08-30 10:19:07,079  INFO - info message
2016-08-30 10:19:07,096  WARNING - warn message
2016-08-30 10:19:07,096  WARNING - warn message
2016-08-30 10:19:07,108  ERROR - error message
2016-08-30 10:19:07,108  ERROR - error message
2016-08-30 10:40:06,157  DEBUG - debug message
2016-08-30 10:40:06,157  DEBUG - debug message
2016-08-30 10:40:06,157  DEBUG - debug message
2016-08-30 10:40:06,174  INFO - info message
2016-08-30 10:40:06,174  INFO - info message
2016-08-30 10:40:06,174  INFO - info message
2016-08-30 10:40:06,187  WARNING - warn message
2016-08-30 10:40:06,187  WARNING - warn message
2016-08-30 10:40:06,187  WARNING - warn message
2016-08-30 10:40:06,200  ERROR - error message
2016-08-30 10:40:06,200  ERROR - error message
2016-08-30 10:40:06,200  ERROR - error message
2016-08-30 10:40:07,124  DEBUG - debug message
2016-08-30 10:40:07,124  DEBUG - debug message
2016-08-30 10:40:07,124  DEBUG - debug message
2016-08-30 10:40:07,124  DEBUG - debug message
2016-08-30 10:40:07,141  INFO - info message
2016-08-30 10:40:07,141  INFO - info message
2016-08-30 10:40:07,141  INFO - info message
2016-08-30 10:40:07,141  INFO - info message
2016-08-30 10:40:07,157  WARNING - warn message
2016-08-30 10:40:07,157  WARNING - warn message
2016-08-30 10:40:07,157  WARNING - warn message
2016-08-30 10:40:07,157  WARNING - warn message
2016-08-30 10:40:07,171  ERROR - error message
2016-08-30 10:40:07,171  ERROR - error message
2016-08-30 10:40:07,171  ERROR - error message
2016-08-30 10:40:07,171  ERROR - error message
2016-08-30 10:40:07,619  DEBUG - debug message
2016-08-30 10:40:07,619  DEBUG - debug message
2016-08-30 10:40:07,619  DEBUG - debug message
2016-08-30 10:40:07,619  DEBUG - debug message
2016-08-30 10:40:07,619  DEBUG - debug message
2016-08-30 10:40:07,637  INFO - info message
2016-08-30 10:40:07,637  INFO - info message
2016-08-30 10:40:07,637  INFO - info message
2016-08-30 10:40:07,637  INFO - info message
2016-08-30 10:40:07,637  INFO - info message
2016-08-30 10:40:07,654  WARNING - warn message
2016-08-30 10:40:07,654  WARNING - warn message
2016-08-30 10:40:07,654  WARNING - warn message
2016-08-30 10:40:07,654  WARNING - warn message
2016-08-30 10:40:07,654  WARNING - warn message
2016-08-30 10:40:07,671  ERROR - error message
2016-08-30 10:40:07,671  ERROR - error message
2016-08-30 10:40:07,671  ERROR - error message
2016-08-30 10:40:07,671  ERROR - error message
2016-08-30 10:40:07,671  ERROR - error message
2016-08-30 10:40:07,940  DEBUG - debug message
2016-08-30 10:40:07,940  DEBUG - debug message
2016-08-30 10:40:07,940  DEBUG - debug message
2016-08-30 10:40:07,940  DEBUG - debug message
2016-08-30 10:40:07,940  DEBUG - debug message
2016-08-30 10:40:07,940  DEBUG - debug message
2016-08-30 10:40:07,957  INFO - info message
2016-08-30 10:40:07,957  INFO - info message
2016-08-30 10:40:07,957  INFO - info message
2016-08-30 10:40:07,957  INFO - info message
2016-08-30 10:40:07,957  INFO - info message
2016-08-30 10:40:07,957  INFO - info message
2016-08-30 10:40:07,976  WARNING - warn message
2016-08-30 10:40:07,976  WARNING - warn message
2016-08-30 10:40:07,976  WARNING - warn message
2016-08-30 10:40:07,976  WARNING - warn message
2016-08-30 10:40:07,976  WARNING - warn message
2016-08-30 10:40:07,976  WARNING - warn message
2016-08-30 10:40:07,996  ERROR - error message
2016-08-30 10:40:07,996  ERROR - error message
2016-08-30 10:40:07,996  ERROR - error message
2016-08-30 10:40:07,996  ERROR - error message
2016-08-30 10:40:07,996  ERROR - error message
2016-08-30 10:40:07,996  ERROR - error message
2016-08-30 10:40:12,118  DEBUG - debug message
2016-08-30 10:40:12,118  DEBUG - debug message
2016-08-30 10:40:12,118  DEBUG - debug message
2016-08-30 10:40:12,118  DEBUG - debug message
2016-08-30 10:40:12,118  DEBUG - debug message
2016-08-30 10:40:12,118  DEBUG - debug message
2016-08-30 10:40:12,118  DEBUG - debug message
2016-08-30 10:40:12,137  INFO - info message
2016-08-30 10:40:12,137  INFO - info message
2016-08-30 10:40:12,137  INFO - info message
2016-08-30 10:40:12,137  INFO - info message
2016-08-30 10:40:12,137  INFO - info message
2016-08-30 10:40:12,137  INFO - info message
2016-08-30 10:40:12,137  INFO - info message
2016-08-30 10:40:12,157  WARNING - warn message
2016-08-30 10:40:12,157  WARNING - warn message
2016-08-30 10:40:12,157  WARNING - warn message
2016-08-30 10:40:12,157  WARNING - warn message
2016-08-30 10:40:12,157  WARNING - warn message
2016-08-30 10:40:12,157  WARNING - warn message
2016-08-30 10:40:12,157  WARNING - warn message
2016-08-30 10:40:12,180  ERROR - error message
2016-08-30 10:40:12,180  ERROR - error message
2016-08-30 10:40:12,180  ERROR - error message
2016-08-30 10:40:12,180  ERROR - error message
2016-08-30 10:40:12,180  ERROR - error message
2016-08-30 10:40:12,180  ERROR - error message
2016-08-30 10:40:12,180  ERROR - error message
2016-08-30 10:40:26,437  DEBUG - debug message
2016-08-30 10:40:26,437  DEBUG - debug message
2016-08-30 10:40:26,437  DEBUG - debug message
2016-08-30 10:40:26,437  DEBUG - debug message
2016-08-30 10:40:26,437  DEBUG - debug message
2016-08-30 10:40:26,437  DEBUG - debug message
2016-08-30 10:40:26,437  DEBUG - debug message
2016-08-30 10:40:26,437  DEBUG - debug message
2016-08-30 10:40:26,456  INFO - info message
2016-08-30 10:40:26,456  INFO - info message
2016-08-30 10:40:26,456  INFO - info message
2016-08-30 10:40:26,456  INFO - info message
2016-08-30 10:40:26,456  INFO - info message
2016-08-30 10:40:26,456  INFO - info message
2016-08-30 10:40:26,456  INFO - info message
2016-08-30 10:40:26,456  INFO - info message
2016-08-30 10:40:26,474  WARNING - warn message
2016-08-30 10:40:26,474  WARNING - warn message
2016-08-30 10:40:26,474  WARNING - warn message
2016-08-30 10:40:26,474  WARNING - warn message
2016-08-30 10:40:26,474  WARNING - warn message
2016-08-30 10:40:26,474  WARNING - warn message
2016-08-30 10:40:26,474  WARNING - warn message
2016-08-30 10:40:26,474  WARNING - warn message
2016-08-30 10:40:26,496  ERROR - error message
2016-08-30 10:40:26,496  ERROR - error message
2016-08-30 10:40:26,496  ERROR - error message
2016-08-30 10:40:26,496  ERROR - error message
2016-08-30 10:40:26,496  ERROR - error message
2016-08-30 10:40:26,496  ERROR - error message
2016-08-30 10:40:26,496  ERROR - error message
2016-08-30 10:40:26,496  ERROR - error message
2016-08-30 10:40:36,701  DEBUG - debug message
2016-08-30 10:40:36,701  DEBUG - debug message
2016-08-30 10:40:36,701  DEBUG - debug message
2016-08-30 10:40:36,701  DEBUG - debug message
2016-08-30 10:40:36,701  DEBUG - debug message
2016-08-30 10:40:36,701  DEBUG - debug message
2016-08-30 10:40:36,701  DEBUG - debug message
2016-08-30 10:40:36,701  DEBUG - debug message
2016-08-30 10:40:36,701  DEBUG - debug message
2016-08-30 10:40:36,720  INFO - info message
2016-08-30 10:40:36,720  INFO - info message
2016-08-30 10:40:36,720  INFO - info message
2016-08-30 10:40:36,720  INFO - info message
2016-08-30 10:40:36,720  INFO - info message
2016-08-30 10:40:36,720  INFO - info message
2016-08-30 10:40:36,720  INFO - info message
2016-08-30 10:40:36,720  INFO - info message
2016-08-30 10:40:36,720  INFO - info message
2016-08-30 10:40:36,740  WARNING - warn message
2016-08-30 10:40:36,740  WARNING - warn message
2016-08-30 10:40:36,740  WARNING - warn message
2016-08-30 10:40:36,740  WARNING - warn message
2016-08-30 10:40:36,740  WARNING - warn message
2016-08-30 10:40:36,740  WARNING - warn message
2016-08-30 10:40:36,740  WARNING - warn message
2016-08-30 10:40:36,740  WARNING - warn message
2016-08-30 10:40:36,740  WARNING - warn message
2016-08-30 10:40:36,763  ERROR - error message
2016-08-30 10:40:36,763  ERROR - error message
2016-08-30 10:40:36,763  ERROR - error message
2016-08-30 10:40:36,763  ERROR - error message
2016-08-30 10:40:36,763  ERROR - error message
2016-08-30 10:40:36,763  ERROR - error message
2016-08-30 10:40:36,763  ERROR - error message
2016-08-30 10:40:36,763  ERROR - error message
2016-08-30 10:40:36,763  ERROR - error message
2016-08-30 10:40:44,398  DEBUG - debug message
2016-08-30 10:40:44,398  DEBUG - debug message
2016-08-30 10:40:44,398  DEBUG - debug message
2016-08-30 10:40:44,398  DEBUG - debug message
2016-08-30 10:40:44,398  DEBUG - debug message
2016-08-30 10:40:44,398  DEBUG - debug message
2016-08-30 10:40:44,398  DEBUG - debug message
2016-08-30 10:40:44,398  DEBUG - debug message
2016-08-30 10:40:44,398  DEBUG - debug message
2016-08-30 10:40:44,398  DEBUG - debug message
2016-08-30 10:40:44,417  INFO - info message
2016-08-30 10:40:44,417  INFO - info message
2016-08-30 10:40:44,417  INFO - info message
2016-08-30 10:40:44,417  INFO - info message
2016-08-30 10:40:44,417  INFO - info message
2016-08-30 10:40:44,417  INFO - info message
2016-08-30 10:40:44,417  INFO - info message
2016-08-30 10:40:44,417  INFO - info message
2016-08-30 10:40:44,417  INFO - info message
2016-08-30 10:40:44,417  INFO - info message
2016-08-30 10:40:44,440  WARNING - warn message
2016-08-30 10:40:44,440  WARNING - warn message
2016-08-30 10:40:44,440  WARNING - warn message
2016-08-30 10:40:44,440  WARNING - warn message
2016-08-30 10:40:44,440  WARNING - warn message
2016-08-30 10:40:44,440  WARNING - warn message
2016-08-30 10:40:44,440  WARNING - warn message
2016-08-30 10:40:44,440  WARNING - warn message
2016-08-30 10:40:44,440  WARNING - warn message
2016-08-30 10:40:44,440  WARNING - warn message
2016-08-30 10:40:44,460  ERROR - error message
2016-08-30 10:40:44,460  ERROR - error message
2016-08-30 10:40:44,460  ERROR - error message
2016-08-30 10:40:44,460  ERROR - error message
2016-08-30 10:40:44,460  ERROR - error message
2016-08-30 10:40:44,460  ERROR - error message
2016-08-30 10:40:44,460  ERROR - error message
2016-08-30 10:40:44,460  ERROR - error message
2016-08-30 10:40:44,460  ERROR - error message
2016-08-30 10:40:44,460  ERROR - error message
2016-08-30 10:40:51,535  DEBUG - debug message
2016-08-30 10:40:51,535  DEBUG - debug message
2016-08-30 10:40:51,535  DEBUG - debug message
2016-08-30 10:40:51,535  DEBUG - debug message
2016-08-30 10:40:51,535  DEBUG - debug message
2016-08-30 10:40:51,535  DEBUG - debug message
2016-08-30 10:40:51,535  DEBUG - debug message
2016-08-30 10:40:51,535  DEBUG - debug message
2016-08-30 10:40:51,535  DEBUG - debug message
2016-08-30 10:40:51,535  DEBUG - debug message
2016-08-30 10:40:51,535  DEBUG - debug message
2016-08-30 10:40:51,555  INFO - info message
2016-08-30 10:40:51,555  INFO - info message
2016-08-30 10:40:51,555  INFO - info message
2016-08-30 10:40:51,555  INFO - info message
2016-08-30 10:40:51,555  INFO - info message
2016-08-30 10:40:51,555  INFO - info message
2016-08-30 10:40:51,555  INFO - info message
2016-08-30 10:40:51,555  INFO - info message
2016-08-30 10:40:51,555  INFO - info message
2016-08-30 10:40:51,555  INFO - info message
2016-08-30 10:40:51,555  INFO - info message
2016-08-30 10:40:51,578  WARNING - warn message
2016-08-30 10:40:51,578  WARNING - warn message
2016-08-30 10:40:51,578  WARNING - warn message
2016-08-30 10:40:51,578  WARNING - warn message
2016-08-30 10:40:51,578  WARNING - warn message
2016-08-30 10:40:51,578  WARNING - warn message
2016-08-30 10:40:51,578  WARNING - warn message
2016-08-30 10:40:51,578  WARNING - warn message
2016-08-30 10:40:51,578  WARNING - warn message
2016-08-30 10:40:51,578  WARNING - warn message
2016-08-30 10:40:51,578  WARNING - warn message
2016-08-30 10:40:51,598  ERROR - error message
2016-08-30 10:40:51,598  ERROR - error message
2016-08-30 10:40:51,598  ERROR - error message
2016-08-30 10:40:51,598  ERROR - error message
2016-08-30 10:40:51,598  ERROR - error message
2016-08-30 10:40:51,598  ERROR - error message
2016-08-30 10:40:51,598  ERROR - error message
2016-08-30 10:40:51,598  ERROR - error message
2016-08-30 10:40:51,598  ERROR - error message
2016-08-30 10:40:51,598  ERROR - error message
2016-08-30 10:40:51,598  ERROR - error message
2016-08-30 10:41:53,105  DEBUG - debug message
2016-08-30 10:41:53,105  DEBUG - debug message
2016-08-30 10:41:53,105  DEBUG - debug message
2016-08-30 10:41:53,105  DEBUG - debug message
2016-08-30 10:41:53,105  DEBUG - debug message
2016-08-30 10:41:53,105  DEBUG - debug message
2016-08-30 10:41:53,105  DEBUG - debug message
2016-08-30 10:41:53,105  DEBUG - debug message
2016-08-30 10:41:53,105  DEBUG - debug message
2016-08-30 10:41:53,105  DEBUG - debug message
2016-08-30 10:41:53,105  DEBUG - debug message
2016-08-30 10:41:53,105  DEBUG - debug message
2016-08-30 10:41:53,128  INFO - info message
2016-08-30 10:41:53,128  INFO - info message
2016-08-30 10:41:53,128  INFO - info message
2016-08-30 10:41:53,128  INFO - info message
2016-08-30 10:41:53,128  INFO - info message
2016-08-30 10:41:53,128  INFO - info message
2016-08-30 10:41:53,128  INFO - info message
2016-08-30 10:41:53,128  INFO - info message
2016-08-30 10:41:53,128  INFO - info message
2016-08-30 10:41:53,128  INFO - info message
2016-08-30 10:41:53,128  INFO - info message
2016-08-30 10:41:53,128  INFO - info message
2016-08-30 10:41:53,151  WARNING - warn message
2016-08-30 10:41:53,151  WARNING - warn message
2016-08-30 10:41:53,151  WARNING - warn message
2016-08-30 10:41:53,151  WARNING - warn message
2016-08-30 10:41:53,151  WARNING - warn message
2016-08-30 10:41:53,151  WARNING - warn message
2016-08-30 10:41:53,151  WARNING - warn message
2016-08-30 10:41:53,151  WARNING - warn message
2016-08-30 10:41:53,151  WARNING - warn message
2016-08-30 10:41:53,151  WARNING - warn message
2016-08-30 10:41:53,151  WARNING - warn message
2016-08-30 10:41:53,151  WARNING - warn message
2016-08-30 10:41:53,170  ERROR - error message
2016-08-30 10:41:53,170  ERROR - error message
2016-08-30 10:41:53,170  ERROR - error message
2016-08-30 10:41:53,170  ERROR - error message
2016-08-30 10:41:53,170  ERROR - error message
2016-08-30 10:41:53,170  ERROR - error message
2016-08-30 10:41:53,170  ERROR - error message
2016-08-30 10:41:53,170  ERROR - error message
2016-08-30 10:41:53,170  ERROR - error message
2016-08-30 10:41:53,170  ERROR - error message
2016-08-30 10:41:53,170  ERROR - error message
2016-08-30 10:41:53,170  ERROR - error message
2016-08-30 10:41:53,278  DEBUG - debug message
2016-08-30 10:41:53,278  DEBUG - debug message
2016-08-30 10:41:53,278  DEBUG - debug message
2016-08-30 10:41:53,278  DEBUG - debug message
2016-08-30 10:41:53,278  DEBUG - debug message
2016-08-30 10:41:53,278  DEBUG - debug message
2016-08-30 10:41:53,278  DEBUG - debug message
2016-08-30 10:41:53,278  DEBUG - debug message
2016-08-30 10:41:53,278  DEBUG - debug message
2016-08-30 10:41:53,278  DEBUG - debug message
2016-08-30 10:41:53,278  DEBUG - debug message
2016-08-30 10:41:53,278  DEBUG - debug message
2016-08-30 10:41:53,278  DEBUG - debug message
2016-08-30 10:41:53,302  INFO - info message
2016-08-30 10:41:53,302  INFO - info message
2016-08-30 10:41:53,302  INFO - info message
2016-08-30 10:41:53,302  INFO - info message
2016-08-30 10:41:53,302  INFO - info message
2016-08-30 10:41:53,302  INFO - info message
2016-08-30 10:41:53,302  INFO - info message
2016-08-30 10:41:53,302  INFO - info message
2016-08-30 10:41:53,302  INFO - info message
2016-08-30 10:41:53,302  INFO - info message
2016-08-30 10:41:53,302  INFO - info message
2016-08-30 10:41:53,302  INFO - info message
2016-08-30 10:41:53,302  INFO - info message
2016-08-30 10:41:53,322  WARNING - warn message
2016-08-30 10:41:53,322  WARNING - warn message
2016-08-30 10:41:53,322  WARNING - warn message
2016-08-30 10:41:53,322  WARNING - warn message
2016-08-30 10:41:53,322  WARNING - warn message
2016-08-30 10:41:53,322  WARNING - warn message
2016-08-30 10:41:53,322  WARNING - warn message
2016-08-30 10:41:53,322  WARNING - warn message
2016-08-30 10:41:53,322  WARNING - warn message
2016-08-30 10:41:53,322  WARNING - warn message
2016-08-30 10:41:53,322  WARNING - warn message
2016-08-30 10:41:53,322  WARNING - warn message
2016-08-30 10:41:53,322  WARNING - warn message
2016-08-30 10:41:53,342  ERROR - error message
2016-08-30 10:41:53,342  ERROR - error message
2016-08-30 10:41:53,342  ERROR - error message
2016-08-30 10:41:53,342  ERROR - error message
2016-08-30 10:41:53,342  ERROR - error message
2016-08-30 10:41:53,342  ERROR - error message
2016-08-30 10:41:53,342  ERROR - error message
2016-08-30 10:41:53,342  ERROR - error message
2016-08-30 10:41:53,342  ERROR - error message
2016-08-30 10:41:53,342  ERROR - error message
2016-08-30 10:41:53,342  ERROR - error message
2016-08-30 10:41:53,342  ERROR - error message
2016-08-30 10:41:53,342  ERROR - error message
2016-08-30 10:41:53,453  DEBUG - debug message
2016-08-30 10:41:53,453  DEBUG - debug message
2016-08-30 10:41:53,453  DEBUG - debug message
2016-08-30 10:41:53,453  DEBUG - debug message
2016-08-30 10:41:53,453  DEBUG - debug message
2016-08-30 10:41:53,453  DEBUG - debug message
2016-08-30 10:41:53,453  DEBUG - debug message
2016-08-30 10:41:53,453  DEBUG - debug message
2016-08-30 10:41:53,453  DEBUG - debug message
2016-08-30 10:41:53,453  DEBUG - debug message
2016-08-30 10:41:53,453  DEBUG - debug message
2016-08-30 10:41:53,453  DEBUG - debug message
2016-08-30 10:41:53,453  DEBUG - debug message
2016-08-30 10:41:53,453  DEBUG - debug message
2016-08-30 10:41:53,477  INFO - info message
2016-08-30 10:41:53,477  INFO - info message
2016-08-30 10:41:53,477  INFO - info message
2016-08-30 10:41:53,477  INFO - info message
2016-08-30 10:41:53,477  INFO - info message
2016-08-30 10:41:53,477  INFO - info message
2016-08-30 10:41:53,477  INFO - info message
2016-08-30 10:41:53,477  INFO - info message
2016-08-30 10:41:53,477  INFO - info message
2016-08-30 10:41:53,477  INFO - info message
2016-08-30 10:41:53,477  INFO - info message
2016-08-30 10:41:53,477  INFO - info message
2016-08-30 10:41:53,477  INFO - info message
2016-08-30 10:41:53,477  INFO - info message
2016-08-30 10:41:53,496  WARNING - warn message
2016-08-30 10:41:53,496  WARNING - warn message
2016-08-30 10:41:53,496  WARNING - warn message
2016-08-30 10:41:53,496  WARNING - warn message
2016-08-30 10:41:53,496  WARNING - warn message
2016-08-30 10:41:53,496  WARNING - warn message
2016-08-30 10:41:53,496  WARNING - warn message
2016-08-30 10:41:53,496  WARNING - warn message
2016-08-30 10:41:53,496  WARNING - warn message
2016-08-30 10:41:53,496  WARNING - warn message
2016-08-30 10:41:53,496  WARNING - warn message
2016-08-30 10:41:53,496  WARNING - warn message
2016-08-30 10:41:53,496  WARNING - warn message
2016-08-30 10:41:53,496  WARNING - warn message
2016-08-30 10:41:53,519  ERROR - error message
2016-08-30 10:41:53,519  ERROR - error message
2016-08-30 10:41:53,519  ERROR - error message
2016-08-30 10:41:53,519  ERROR - error message
2016-08-30 10:41:53,519  ERROR - error message
2016-08-30 10:41:53,519  ERROR - error message
2016-08-30 10:41:53,519  ERROR - error message
2016-08-30 10:41:53,519  ERROR - error message
2016-08-30 10:41:53,519  ERROR - error message
2016-08-30 10:41:53,519  ERROR - error message
2016-08-30 10:41:53,519  ERROR - error message
2016-08-30 10:41:53,519  ERROR - error message
2016-08-30 10:41:53,519  ERROR - error message
2016-08-30 10:41:53,519  ERROR - error message
2016-08-30 10:41:53,632  DEBUG - debug message
2016-08-30 10:41:53,632  DEBUG - debug message
2016-08-30 10:41:53,632  DEBUG - debug message
2016-08-30 10:41:53,632  DEBUG - debug message
2016-08-30 10:41:53,632  DEBUG - debug message
2016-08-30 10:41:53,632  DEBUG - debug message
2016-08-30 10:41:53,632  DEBUG - debug message
2016-08-30 10:41:53,632  DEBUG - debug message
2016-08-30 10:41:53,632  DEBUG - debug message
2016-08-30 10:41:53,632  DEBUG - debug message
2016-08-30 10:41:53,632  DEBUG - debug message
2016-08-30 10:41:53,632  DEBUG - debug message
2016-08-30 10:41:53,632  DEBUG - debug message
2016-08-30 10:41:53,632  DEBUG - debug message
2016-08-30 10:41:53,632  DEBUG - debug message
2016-08-30 10:41:53,653  INFO - info message
2016-08-30 10:41:53,653  INFO - info message
2016-08-30 10:41:53,653  INFO - info message
2016-08-30 10:41:53,653  INFO - info message
2016-08-30 10:41:53,653  INFO - info message
2016-08-30 10:41:53,653  INFO - info message
2016-08-30 10:41:53,653  INFO - info message
2016-08-30 10:41:53,653  INFO - info message
2016-08-30 10:41:53,653  INFO - info message
2016-08-30 10:41:53,653  INFO - info message
2016-08-30 10:41:53,653  INFO - info message
2016-08-30 10:41:53,653  INFO - info message
2016-08-30 10:41:53,653  INFO - info message
2016-08-30 10:41:53,653  INFO - info message
2016-08-30 10:41:53,653  INFO - info message
2016-08-30 10:41:53,674  WARNING - warn message
2016-08-30 10:41:53,674  WARNING - warn message
2016-08-30 10:41:53,674  WARNING - warn message
2016-08-30 10:41:53,674  WARNING - warn message
2016-08-30 10:41:53,674  WARNING - warn message
2016-08-30 10:41:53,674  WARNING - warn message
2016-08-30 10:41:53,674  WARNING - warn message
2016-08-30 10:41:53,674  WARNING - warn message
2016-08-30 10:41:53,674  WARNING - warn message
2016-08-30 10:41:53,674  WARNING - warn message
2016-08-30 10:41:53,674  WARNING - warn message
2016-08-30 10:41:53,674  WARNING - warn message
2016-08-30 10:41:53,674  WARNING - warn message
2016-08-30 10:41:53,674  WARNING - warn message
2016-08-30 10:41:53,674  WARNING - warn message
2016-08-30 10:41:53,700  ERROR - error message
2016-08-30 10:41:53,700  ERROR - error message
2016-08-30 10:41:53,700  ERROR - error message
2016-08-30 10:41:53,700  ERROR - error message
2016-08-30 10:41:53,700  ERROR - error message
2016-08-30 10:41:53,700  ERROR - error message
2016-08-30 10:41:53,700  ERROR - error message
2016-08-30 10:41:53,700  ERROR - error message
2016-08-30 10:41:53,700  ERROR - error message
2016-08-30 10:41:53,700  ERROR - error message
2016-08-30 10:41:53,700  ERROR - error message
2016-08-30 10:41:53,700  ERROR - error message
2016-08-30 10:41:53,700  ERROR - error message
2016-08-30 10:41:53,700  ERROR - error message
2016-08-30 10:41:53,700  ERROR - error message
2016-08-30 10:41:53,789  DEBUG - debug message
2016-08-30 10:41:53,789  DEBUG - debug message
2016-08-30 10:41:53,789  DEBUG - debug message
2016-08-30 10:41:53,789  DEBUG - debug message
2016-08-30 10:41:53,789  DEBUG - debug message
2016-08-30 10:41:53,789  DEBUG - debug message
2016-08-30 10:41:53,789  DEBUG - debug message
2016-08-30 10:41:53,789  DEBUG - debug message
2016-08-30 10:41:53,789  DEBUG - debug message
2016-08-30 10:41:53,789  DEBUG - debug message
2016-08-30 10:41:53,789  DEBUG - debug message
2016-08-30 10:41:53,789  DEBUG - debug message
2016-08-30 10:41:53,789  DEBUG - debug message
2016-08-30 10:41:53,789  DEBUG - debug message
2016-08-30 10:41:53,789  DEBUG - debug message
2016-08-30 10:41:53,789  DEBUG - debug message
2016-08-30 10:41:53,812  INFO - info message
2016-08-30 10:41:53,812  INFO - info message
2016-08-30 10:41:53,812  INFO - info message
2016-08-30 10:41:53,812  INFO - info message
2016-08-30 10:41:53,812  INFO - info message
2016-08-30 10:41:53,812  INFO - info message
2016-08-30 10:41:53,812  INFO - info message
2016-08-30 10:41:53,812  INFO - info message
2016-08-30 10:41:53,812  INFO - info message
2016-08-30 10:41:53,812  INFO - info message
2016-08-30 10:41:53,812  INFO - info message
2016-08-30 10:41:53,812  INFO - info message
2016-08-30 10:41:53,812  INFO - info message
2016-08-30 10:41:53,812  INFO - info message
2016-08-30 10:41:53,812  INFO - info message
2016-08-30 10:41:53,812  INFO - info message
2016-08-30 10:41:53,836  WARNING - warn message
2016-08-30 10:41:53,836  WARNING - warn message
2016-08-30 10:41:53,836  WARNING - warn message
2016-08-30 10:41:53,836  WARNING - warn message
2016-08-30 10:41:53,836  WARNING - warn message
2016-08-30 10:41:53,836  WARNING - warn message
2016-08-30 10:41:53,836  WARNING - warn message
2016-08-30 10:41:53,836  WARNING - warn message
2016-08-30 10:41:53,836  WARNING - warn message
2016-08-30 10:41:53,836  WARNING - warn message
2016-08-30 10:41:53,836  WARNING - warn message
2016-08-30 10:41:53,836  WARNING - warn message
2016-08-30 10:41:53,836  WARNING - warn message
2016-08-30 10:41:53,836  WARNING - warn message
2016-08-30 10:41:53,836  WARNING - warn message
2016-08-30 10:41:53,836  WARNING - warn message
2016-08-30 10:41:53,864  ERROR - error message
2016-08-30 10:41:53,864  ERROR - error message
2016-08-30 10:41:53,864  ERROR - error message
2016-08-30 10:41:53,864  ERROR - error message
2016-08-30 10:41:53,864  ERROR - error message
2016-08-30 10:41:53,864  ERROR - error message
2016-08-30 10:41:53,864  ERROR - error message
2016-08-30 10:41:53,864  ERROR - error message
2016-08-30 10:41:53,864  ERROR - error message
2016-08-30 10:41:53,864  ERROR - error message
2016-08-30 10:41:53,864  ERROR - error message
2016-08-30 10:41:53,864  ERROR - error message
2016-08-30 10:41:53,864  ERROR - error message
2016-08-30 10:41:53,864  ERROR - error message
2016-08-30 10:41:53,864  ERROR - error message
2016-08-30 10:41:53,864  ERROR - error message
2016-08-30 10:41:53,950  DEBUG - debug message
2016-08-30 10:41:53,950  DEBUG - debug message
2016-08-30 10:41:53,950  DEBUG - debug message
2016-08-30 10:41:53,950  DEBUG - debug message
2016-08-30 10:41:53,950  DEBUG - debug message
2016-08-30 10:41:53,950  DEBUG - debug message
2016-08-30 10:41:53,950  DEBUG - debug message
2016-08-30 10:41:53,950  DEBUG - debug message
2016-08-30 10:41:53,950  DEBUG - debug message
2016-08-30 10:41:53,950  DEBUG - debug message
2016-08-30 10:41:53,950  DEBUG - debug message
2016-08-30 10:41:53,950  DEBUG - debug message
2016-08-30 10:41:53,950  DEBUG - debug message
2016-08-30 10:41:53,950  DEBUG - debug message
2016-08-30 10:41:53,950  DEBUG - debug message
2016-08-30 10:41:53,950  DEBUG - debug message
2016-08-30 10:41:53,950  DEBUG - debug message
2016-08-30 10:41:53,976  INFO - info message
2016-08-30 10:41:53,976  INFO - info message
2016-08-30 10:41:53,976  INFO - info message
2016-08-30 10:41:53,976  INFO - info message
2016-08-30 10:41:53,976  INFO - info message
2016-08-30 10:41:53,976  INFO - info message
2016-08-30 10:41:53,976  INFO - info message
2016-08-30 10:41:53,976  INFO - info message
2016-08-30 10:41:53,976  INFO - info message
2016-08-30 10:41:53,976  INFO - info message
2016-08-30 10:41:53,976  INFO - info message
2016-08-30 10:41:53,976  INFO - info message
2016-08-30 10:41:53,976  INFO - info message
2016-08-30 10:41:53,976  INFO - info message
2016-08-30 10:41:53,976  INFO - info message
2016-08-30 10:41:53,976  INFO - info message
2016-08-30 10:41:53,976  INFO - info message
2016-08-30 10:41:54,003  WARNING - warn message
2016-08-30 10:41:54,003  WARNING - warn message
2016-08-30 10:41:54,003  WARNING - warn message
2016-08-30 10:41:54,003  WARNING - warn message
2016-08-30 10:41:54,003  WARNING - warn message
2016-08-30 10:41:54,003  WARNING - warn message
2016-08-30 10:41:54,003  WARNING - warn message
2016-08-30 10:41:54,003  WARNING - warn message
2016-08-30 10:41:54,003  WARNING - warn message
2016-08-30 10:41:54,003  WARNING - warn message
2016-08-30 10:41:54,003  WARNING - warn message
2016-08-30 10:41:54,003  WARNING - warn message
2016-08-30 10:41:54,003  WARNING - warn message
2016-08-30 10:41:54,003  WARNING - warn message
2016-08-30 10:41:54,003  WARNING - warn message
2016-08-30 10:41:54,003  WARNING - warn message
2016-08-30 10:41:54,003  WARNING - warn message
2016-08-30 10:41:54,025  ERROR - error message
2016-08-30 10:41:54,025  ERROR - error message
2016-08-30 10:41:54,025  ERROR - error message
2016-08-30 10:41:54,025  ERROR - error message
2016-08-30 10:41:54,025  ERROR - error message
2016-08-30 10:41:54,025  ERROR - error message
2016-08-30 10:41:54,025  ERROR - error message
2016-08-30 10:41:54,025  ERROR - error message
2016-08-30 10:41:54,025  ERROR - error message
2016-08-30 10:41:54,025  ERROR - error message
2016-08-30 10:41:54,025  ERROR - error message
2016-08-30 10:41:54,025  ERROR - error message
2016-08-30 10:41:54,025  ERROR - error message
2016-08-30 10:41:54,025  ERROR - error message
2016-08-30 10:41:54,025  ERROR - error message
2016-08-30 10:41:54,025  ERROR - error message
2016-08-30 10:41:54,025  ERROR - error message
2016-08-30 10:41:54,125  DEBUG - debug message
2016-08-30 10:41:54,125  DEBUG - debug message
2016-08-30 10:41:54,125  DEBUG - debug message
2016-08-30 10:41:54,125  DEBUG - debug message
2016-08-30 10:41:54,125  DEBUG - debug message
2016-08-30 10:41:54,125  DEBUG - debug message
2016-08-30 10:41:54,125  DEBUG - debug message
2016-08-30 10:41:54,125  DEBUG - debug message
2016-08-30 10:41:54,125  DEBUG - debug message
2016-08-30 10:41:54,125  DEBUG - debug message
2016-08-30 10:41:54,125  DEBUG - debug message
2016-08-30 10:41:54,125  DEBUG - debug message
2016-08-30 10:41:54,125  DEBUG - debug message
2016-08-30 10:41:54,125  DEBUG - debug message
2016-08-30 10:41:54,125  DEBUG - debug message
2016-08-30 10:41:54,125  DEBUG - debug message
2016-08-30 10:41:54,125  DEBUG - debug message
2016-08-30 10:41:54,125  DEBUG - debug message
2016-08-30 10:41:54,157  INFO - info message
2016-08-30 10:41:54,157  INFO - info message
2016-08-30 10:41:54,157  INFO - info message
2016-08-30 10:41:54,157  INFO - info message
2016-08-30 10:41:54,157  INFO - info message
2016-08-30 10:41:54,157  INFO - info message
2016-08-30 10:41:54,157  INFO - info message
2016-08-30 10:41:54,157  INFO - info message
2016-08-30 10:41:54,157  INFO - info message
2016-08-30 10:41:54,157  INFO - info message
2016-08-30 10:41:54,157  INFO - info message
2016-08-30 10:41:54,157  INFO - info message
2016-08-30 10:41:54,157  INFO - info message
2016-08-30 10:41:54,157  INFO - info message
2016-08-30 10:41:54,157  INFO - info message
2016-08-30 10:41:54,157  INFO - info message
2016-08-30 10:41:54,157  INFO - info message
2016-08-30 10:41:54,157  INFO - info message
2016-08-30 10:41:54,178  WARNING - warn message
2016-08-30 10:41:54,178  WARNING - warn message
2016-08-30 10:41:54,178  WARNING - warn message
2016-08-30 10:41:54,178  WARNING - warn message
2016-08-30 10:41:54,178  WARNING - warn message
2016-08-30 10:41:54,178  WARNING - warn message
2016-08-30 10:41:54,178  WARNING - warn message
2016-08-30 10:41:54,178  WARNING - warn message
2016-08-30 10:41:54,178  WARNING - warn message
2016-08-30 10:41:54,178  WARNING - warn message
2016-08-30 10:41:54,178  WARNING - warn message
2016-08-30 10:41:54,178  WARNING - warn message
2016-08-30 10:41:54,178  WARNING - warn message
2016-08-30 10:41:54,178  WARNING - warn message
2016-08-30 10:41:54,178  WARNING - warn message
2016-08-30 10:41:54,178  WARNING - warn message
2016-08-30 10:41:54,178  WARNING - warn message
2016-08-30 10:41:54,178  WARNING - warn message
2016-08-30 10:41:54,203  ERROR - error message
2016-08-30 10:41:54,203  ERROR - error message
2016-08-30 10:41:54,203  ERROR - error message
2016-08-30 10:41:54,203  ERROR - error message
2016-08-30 10:41:54,203  ERROR - error message
2016-08-30 10:41:54,203  ERROR - error message
2016-08-30 10:41:54,203  ERROR - error message
2016-08-30 10:41:54,203  ERROR - error message
2016-08-30 10:41:54,203  ERROR - error message
2016-08-30 10:41:54,203  ERROR - error message
2016-08-30 10:41:54,203  ERROR - error message
2016-08-30 10:41:54,203  ERROR - error message
2016-08-30 10:41:54,203  ERROR - error message
2016-08-30 10:41:54,203  ERROR - error message
2016-08-30 10:41:54,203  ERROR - error message
2016-08-30 10:41:54,203  ERROR - error message
2016-08-30 10:41:54,203  ERROR - error message
2016-08-30 10:41:54,203  ERROR - error message
2016-08-30 10:41:54,293  DEBUG - debug message
2016-08-30 10:41:54,293  DEBUG - debug message
2016-08-30 10:41:54,293  DEBUG - debug message
2016-08-30 10:41:54,293  DEBUG - debug message
2016-08-30 10:41:54,293  DEBUG - debug message
2016-08-30 10:41:54,293  DEBUG - debug message
2016-08-30 10:41:54,293  DEBUG - debug message
2016-08-30 10:41:54,293  DEBUG - debug message
2016-08-30 10:41:54,293  DEBUG - debug message
2016-08-30 10:41:54,293  DEBUG - debug message
2016-08-30 10:41:54,293  DEBUG - debug message
2016-08-30 10:41:54,293  DEBUG - debug message
2016-08-30 10:41:54,293  DEBUG - debug message
2016-08-30 10:41:54,293  DEBUG - debug message
2016-08-30 10:41:54,293  DEBUG - debug message
2016-08-30 10:41:54,293  DEBUG - debug message
2016-08-30 10:41:54,293  DEBUG - debug message
2016-08-30 10:41:54,293  DEBUG - debug message
2016-08-30 10:41:54,293  DEBUG - debug message
2016-08-30 10:41:54,316  INFO - info message
2016-08-30 10:41:54,316  INFO - info message
2016-08-30 10:41:54,316  INFO - info message
2016-08-30 10:41:54,316  INFO - info message
2016-08-30 10:41:54,316  INFO - info message
2016-08-30 10:41:54,316  INFO - info message
2016-08-30 10:41:54,316  INFO - info message
2016-08-30 10:41:54,316  INFO - info message
2016-08-30 10:41:54,316  INFO - info message
2016-08-30 10:41:54,316  INFO - info message
2016-08-30 10:41:54,316  INFO - info message
2016-08-30 10:41:54,316  INFO - info message
2016-08-30 10:41:54,316  INFO - info message
2016-08-30 10:41:54,316  INFO - info message
2016-08-30 10:41:54,316  INFO - info message
2016-08-30 10:41:54,316  INFO - info message
2016-08-30 10:41:54,316  INFO - info message
2016-08-30 10:41:54,316  INFO - info message
2016-08-30 10:41:54,316  INFO - info message
2016-08-30 10:41:54,342  WARNING - warn message
2016-08-30 10:41:54,342  WARNING - warn message
2016-08-30 10:41:54,342  WARNING - warn message
2016-08-30 10:41:54,342  WARNING - warn message
2016-08-30 10:41:54,342  WARNING - warn message
2016-08-30 10:41:54,342  WARNING - warn message
2016-08-30 10:41:54,342  WARNING - warn message
2016-08-30 10:41:54,342  WARNING - warn message
2016-08-30 10:41:54,342  WARNING - warn message
2016-08-30 10:41:54,342  WARNING - warn message
2016-08-30 10:41:54,342  WARNING - warn message
2016-08-30 10:41:54,342  WARNING - warn message
2016-08-30 10:41:54,342  WARNING - warn message
2016-08-30 10:41:54,342  WARNING - warn message
2016-08-30 10:41:54,342  WARNING - warn message
2016-08-30 10:41:54,342  WARNING - warn message
2016-08-30 10:41:54,342  WARNING - warn message
2016-08-30 10:41:54,342  WARNING - warn message
2016-08-30 10:41:54,342  WARNING - warn message
2016-08-30 10:41:54,372  ERROR - error message
2016-08-30 10:41:54,372  ERROR - error message
2016-08-30 10:41:54,372  ERROR - error message
2016-08-30 10:41:54,372  ERROR - error message
2016-08-30 10:41:54,372  ERROR - error message
2016-08-30 10:41:54,372  ERROR - error message
2016-08-30 10:41:54,372  ERROR - error message
2016-08-30 10:41:54,372  ERROR - error message
2016-08-30 10:41:54,372  ERROR - error message
2016-08-30 10:41:54,372  ERROR - error message
2016-08-30 10:41:54,372  ERROR - error message
2016-08-30 10:41:54,372  ERROR - error message
2016-08-30 10:41:54,372  ERROR - error message
2016-08-30 10:41:54,372  ERROR - error message
2016-08-30 10:41:54,372  ERROR - error message
2016-08-30 10:41:54,372  ERROR - error message
2016-08-30 10:41:54,372  ERROR - error message
2016-08-30 10:41:54,372  ERROR - error message
2016-08-30 10:41:54,372  ERROR - error message
2016-08-30 10:41:54,453  DEBUG - debug message
2016-08-30 10:41:54,453  DEBUG - debug message
2016-08-30 10:41:54,453  DEBUG - debug message
2016-08-30 10:41:54,453  DEBUG - debug message
2016-08-30 10:41:54,453  DEBUG - debug message
2016-08-30 10:41:54,453  DEBUG - debug message
2016-08-30 10:41:54,453  DEBUG - debug message
2016-08-30 10:41:54,453  DEBUG - debug message
2016-08-30 10:41:54,453  DEBUG - debug message
2016-08-30 10:41:54,453  DEBUG - debug message
2016-08-30 10:41:54,453  DEBUG - debug message
2016-08-30 10:41:54,453  DEBUG - debug message
2016-08-30 10:41:54,453  DEBUG - debug message
2016-08-30 10:41:54,453  DEBUG - debug message
2016-08-30 10:41:54,453  DEBUG - debug message
2016-08-30 10:41:54,453  DEBUG - debug message
2016-08-30 10:41:54,453  DEBUG - debug message
2016-08-30 10:41:54,453  DEBUG - debug message
2016-08-30 10:41:54,453  DEBUG - debug message
2016-08-30 10:41:54,453  DEBUG - debug message
2016-08-30 10:41:54,482  INFO - info message
2016-08-30 10:41:54,482  INFO - info message
2016-08-30 10:41:54,482  INFO - info message
2016-08-30 10:41:54,482  INFO - info message
2016-08-30 10:41:54,482  INFO - info message
2016-08-30 10:41:54,482  INFO - info message
2016-08-30 10:41:54,482  INFO - info message
2016-08-30 10:41:54,482  INFO - info message
2016-08-30 10:41:54,482  INFO - info message
2016-08-30 10:41:54,482  INFO - info message
2016-08-30 10:41:54,482  INFO - info message
2016-08-30 10:41:54,482  INFO - info message
2016-08-30 10:41:54,482  INFO - info message
2016-08-30 10:41:54,482  INFO - info message
2016-08-30 10:41:54,482  INFO - info message
2016-08-30 10:41:54,482  INFO - info message
2016-08-30 10:41:54,482  INFO - info message
2016-08-30 10:41:54,482  INFO - info message
2016-08-30 10:41:54,482  INFO - info message
2016-08-30 10:41:54,482  INFO - info message
2016-08-30 10:41:54,512  WARNING - warn message
2016-08-30 10:41:54,512  WARNING - warn message
2016-08-30 10:41:54,512  WARNING - warn message
2016-08-30 10:41:54,512  WARNING - warn message
2016-08-30 10:41:54,512  WARNING - warn message
2016-08-30 10:41:54,512  WARNING - warn message
2016-08-30 10:41:54,512  WARNING - warn message
2016-08-30 10:41:54,512  WARNING - warn message
2016-08-30 10:41:54,512  WARNING - warn message
2016-08-30 10:41:54,512  WARNING - warn message
2016-08-30 10:41:54,512  WARNING - warn message
2016-08-30 10:41:54,512  WARNING - warn message
2016-08-30 10:41:54,512  WARNING - warn message
2016-08-30 10:41:54,512  WARNING - warn message
2016-08-30 10:41:54,512  WARNING - warn message
2016-08-30 10:41:54,512  WARNING - warn message
2016-08-30 10:41:54,512  WARNING - warn message
2016-08-30 10:41:54,512  WARNING - warn message
2016-08-30 10:41:54,512  WARNING - warn message
2016-08-30 10:41:54,512  WARNING - warn message
2016-08-30 10:41:54,535  ERROR - error message
2016-08-30 10:41:54,535  ERROR - error message
2016-08-30 10:41:54,535  ERROR - error message
2016-08-30 10:41:54,535  ERROR - error message
2016-08-30 10:41:54,535  ERROR - error message
2016-08-30 10:41:54,535  ERROR - error message
2016-08-30 10:41:54,535  ERROR - error message
2016-08-30 10:41:54,535  ERROR - error message
2016-08-30 10:41:54,535  ERROR - error message
2016-08-30 10:41:54,535  ERROR - error message
2016-08-30 10:41:54,535  ERROR - error message
2016-08-30 10:41:54,535  ERROR - error message
2016-08-30 10:41:54,535  ERROR - error message
2016-08-30 10:41:54,535  ERROR - error message
2016-08-30 10:41:54,535  ERROR - error message
2016-08-30 10:41:54,535  ERROR - error message
2016-08-30 10:41:54,535  ERROR - error message
2016-08-30 10:41:54,535  ERROR - error message
2016-08-30 10:41:54,535  ERROR - error message
2016-08-30 10:41:54,535  ERROR - error message
2016-08-30 10:41:54,621  DEBUG - debug message
2016-08-30 10:41:54,621  DEBUG - debug message
2016-08-30 10:41:54,621  DEBUG - debug message
2016-08-30 10:41:54,621  DEBUG - debug message
2016-08-30 10:41:54,621  DEBUG - debug message
2016-08-30 10:41:54,621  DEBUG - debug message
2016-08-30 10:41:54,621  DEBUG - debug message
2016-08-30 10:41:54,621  DEBUG - debug message
2016-08-30 10:41:54,621  DEBUG - debug message
2016-08-30 10:41:54,621  DEBUG - debug message
2016-08-30 10:41:54,621  DEBUG - debug message
2016-08-30 10:41:54,621  DEBUG - debug message
2016-08-30 10:41:54,621  DEBUG - debug message
2016-08-30 10:41:54,621  DEBUG - debug message
2016-08-30 10:41:54,621  DEBUG - debug message
2016-08-30 10:41:54,621  DEBUG - debug message
2016-08-30 10:41:54,621  DEBUG - debug message
2016-08-30 10:41:54,621  DEBUG - debug message
2016-08-30 10:41:54,621  DEBUG - debug message
2016-08-30 10:41:54,621  DEBUG - debug message
2016-08-30 10:41:54,621  DEBUG - debug message
2016-08-30 10:41:54,654  INFO - info message
2016-08-30 10:41:54,654  INFO - info message
2016-08-30 10:41:54,654  INFO - info message
2016-08-30 10:41:54,654  INFO - info message
2016-08-30 10:41:54,654  INFO - info message
2016-08-30 10:41:54,654  INFO - info message
2016-08-30 10:41:54,654  INFO - info message
2016-08-30 10:41:54,654  INFO - info message
2016-08-30 10:41:54,654  INFO - info message
2016-08-30 10:41:54,654  INFO - info message
2016-08-30 10:41:54,654  INFO - info message
2016-08-30 10:41:54,654  INFO - info message
2016-08-30 10:41:54,654  INFO - info message
2016-08-30 10:41:54,654  INFO - info message
2016-08-30 10:41:54,654  INFO - info message
2016-08-30 10:41:54,654  INFO - info message
2016-08-30 10:41:54,654  INFO - info message
2016-08-30 10:41:54,654  INFO - info message
2016-08-30 10:41:54,654  INFO - info message
2016-08-30 10:41:54,654  INFO - info message
2016-08-30 10:41:54,654  INFO - info message
2016-08-30 10:41:54,678  WARNING - warn message
2016-08-30 10:41:54,678  WARNING - warn message
2016-08-30 10:41:54,678  WARNING - warn message
2016-08-30 10:41:54,678  WARNING - warn message
2016-08-30 10:41:54,678  WARNING - warn message
2016-08-30 10:41:54,678  WARNING - warn message
2016-08-30 10:41:54,678  WARNING - warn message
2016-08-30 10:41:54,678  WARNING - warn message
2016-08-30 10:41:54,678  WARNING - warn message
2016-08-30 10:41:54,678  WARNING - warn message
2016-08-30 10:41:54,678  WARNING - warn message
2016-08-30 10:41:54,678  WARNING - warn message
2016-08-30 10:41:54,678  WARNING - warn message
2016-08-30 10:41:54,678  WARNING - warn message
2016-08-30 10:41:54,678  WARNING - warn message
2016-08-30 10:41:54,678  WARNING - warn message
2016-08-30 10:41:54,678  WARNING - warn message
2016-08-30 10:41:54,678  WARNING - warn message
2016-08-30 10:41:54,678  WARNING - warn message
2016-08-30 10:41:54,678  WARNING - warn message
2016-08-30 10:41:54,678  WARNING - warn message
2016-08-30 10:41:54,707  ERROR - error message
2016-08-30 10:41:54,707  ERROR - error message
2016-08-30 10:41:54,707  ERROR - error message
2016-08-30 10:41:54,707  ERROR - error message
2016-08-30 10:41:54,707  ERROR - error message
2016-08-30 10:41:54,707  ERROR - error message
2016-08-30 10:41:54,707  ERROR - error message
2016-08-30 10:41:54,707  ERROR - error message
2016-08-30 10:41:54,707  ERROR - error message
2016-08-30 10:41:54,707  ERROR - error message
2016-08-30 10:41:54,707  ERROR - error message
2016-08-30 10:41:54,707  ERROR - error message
2016-08-30 10:41:54,707  ERROR - error message
2016-08-30 10:41:54,707  ERROR - error message
2016-08-30 10:41:54,707  ERROR - error message
2016-08-30 10:41:54,707  ERROR - error message
2016-08-30 10:41:54,707  ERROR - error message
2016-08-30 10:41:54,707  ERROR - error message
2016-08-30 10:41:54,707  ERROR - error message
2016-08-30 10:41:54,707  ERROR - error message
2016-08-30 10:41:54,707  ERROR - error message
2016-08-30 10:41:54,789  DEBUG - debug message
2016-08-30 10:41:54,789  DEBUG - debug message
2016-08-30 10:41:54,789  DEBUG - debug message
2016-08-30 10:41:54,789  DEBUG - debug message
2016-08-30 10:41:54,789  DEBUG - debug message
2016-08-30 10:41:54,789  DEBUG - debug message
2016-08-30 10:41:54,789  DEBUG - debug message
2016-08-30 10:41:54,789  DEBUG - debug message
2016-08-30 10:41:54,789  DEBUG - debug message
2016-08-30 10:41:54,789  DEBUG - debug message
2016-08-30 10:41:54,789  DEBUG - debug message
2016-08-30 10:41:54,789  DEBUG - debug message
2016-08-30 10:41:54,789  DEBUG - debug message
2016-08-30 10:41:54,789  DEBUG - debug message
2016-08-30 10:41:54,789  DEBUG - debug message
2016-08-30 10:41:54,789  DEBUG - debug message
2016-08-30 10:41:54,789  DEBUG - debug message
2016-08-30 10:41:54,789  DEBUG - debug message
2016-08-30 10:41:54,789  DEBUG - debug message
2016-08-30 10:41:54,789  DEBUG - debug message
2016-08-30 10:41:54,789  DEBUG - debug message
2016-08-30 10:41:54,789  DEBUG - debug message
2016-08-30 10:41:54,815  INFO - info message
2016-08-30 10:41:54,815  INFO - info message
2016-08-30 10:41:54,815  INFO - info message
2016-08-30 10:41:54,815  INFO - info message
2016-08-30 10:41:54,815  INFO - info message
2016-08-30 10:41:54,815  INFO - info message
2016-08-30 10:41:54,815  INFO - info message
2016-08-30 10:41:54,815  INFO - info message
2016-08-30 10:41:54,815  INFO - info message
2016-08-30 10:41:54,815  INFO - info message
2016-08-30 10:41:54,815  INFO - info message
2016-08-30 10:41:54,815  INFO - info message
2016-08-30 10:41:54,815  INFO - info message
2016-08-30 10:41:54,815  INFO - info message
2016-08-30 10:41:54,815  INFO - info message
2016-08-30 10:41:54,815  INFO - info message
2016-08-30 10:41:54,815  INFO - info message
2016-08-30 10:41:54,815  INFO - info message
2016-08-30 10:41:54,815  INFO - info message
2016-08-30 10:41:54,815  INFO - info message
2016-08-30 10:41:54,815  INFO - info message
2016-08-30 10:41:54,815  INFO - info message
2016-08-30 10:41:54,845  WARNING - warn message
2016-08-30 10:41:54,845  WARNING - warn message
2016-08-30 10:41:54,845  WARNING - warn message
2016-08-30 10:41:54,845  WARNING - warn message
2016-08-30 10:41:54,845  WARNING - warn message
2016-08-30 10:41:54,845  WARNING - warn message
2016-08-30 10:41:54,845  WARNING - warn message
2016-08-30 10:41:54,845  WARNING - warn message
2016-08-30 10:41:54,845  WARNING - warn message
2016-08-30 10:41:54,845  WARNING - warn message
2016-08-30 10:41:54,845  WARNING - warn message
2016-08-30 10:41:54,845  WARNING - warn message
2016-08-30 10:41:54,845  WARNING - warn message
2016-08-30 10:41:54,845  WARNING - warn message
2016-08-30 10:41:54,845  WARNING - warn message
2016-08-30 10:41:54,845  WARNING - warn message
2016-08-30 10:41:54,845  WARNING - warn message
2016-08-30 10:41:54,845  WARNING - warn message
2016-08-30 10:41:54,845  WARNING - warn message
2016-08-30 10:41:54,845  WARNING - warn message
2016-08-30 10:41:54,845  WARNING - warn message
2016-08-30 10:41:54,845  WARNING - warn message
2016-08-30 10:41:54,875  ERROR - error message
2016-08-30 10:41:54,875  ERROR - error message
2016-08-30 10:41:54,875  ERROR - error message
2016-08-30 10:41:54,875  ERROR - error message
2016-08-30 10:41:54,875  ERROR - error message
2016-08-30 10:41:54,875  ERROR - error message
2016-08-30 10:41:54,875  ERROR - error message
2016-08-30 10:41:54,875  ERROR - error message
2016-08-30 10:41:54,875  ERROR - error message
2016-08-30 10:41:54,875  ERROR - error message
2016-08-30 10:41:54,875  ERROR - error message
2016-08-30 10:41:54,875  ERROR - error message
2016-08-30 10:41:54,875  ERROR - error message
2016-08-30 10:41:54,875  ERROR - error message
2016-08-30 10:41:54,875  ERROR - error message
2016-08-30 10:41:54,875  ERROR - error message
2016-08-30 10:41:54,875  ERROR - error message
2016-08-30 10:41:54,875  ERROR - error message
2016-08-30 10:41:54,875  ERROR - error message
2016-08-30 10:41:54,875  ERROR - error message
2016-08-30 10:41:54,875  ERROR - error message
2016-08-30 10:41:54,875  ERROR - error message
2016-08-30 10:41:54,950  DEBUG - debug message
2016-08-30 10:41:54,950  DEBUG - debug message
2016-08-30 10:41:54,950  DEBUG - debug message
2016-08-30 10:41:54,950  DEBUG - debug message
2016-08-30 10:41:54,950  DEBUG - debug message
2016-08-30 10:41:54,950  DEBUG - debug message
2016-08-30 10:41:54,950  DEBUG - debug message
2016-08-30 10:41:54,950  DEBUG - debug message
2016-08-30 10:41:54,950  DEBUG - debug message
2016-08-30 10:41:54,950  DEBUG - debug message
2016-08-30 10:41:54,950  DEBUG - debug message
2016-08-30 10:41:54,950  DEBUG - debug message
2016-08-30 10:41:54,950  DEBUG - debug message
2016-08-30 10:41:54,950  DEBUG - debug message
2016-08-30 10:41:54,950  DEBUG - debug message
2016-08-30 10:41:54,950  DEBUG - debug message
2016-08-30 10:41:54,950  DEBUG - debug message
2016-08-30 10:41:54,950  DEBUG - debug message
2016-08-30 10:41:54,950  DEBUG - debug message
2016-08-30 10:41:54,950  DEBUG - debug message
2016-08-30 10:41:54,950  DEBUG - debug message
2016-08-30 10:41:54,950  DEBUG - debug message
2016-08-30 10:41:54,950  DEBUG - debug message
2016-08-30 10:41:54,982  INFO - info message
2016-08-30 10:41:54,982  INFO - info message
2016-08-30 10:41:54,982  INFO - info message
2016-08-30 10:41:54,982  INFO - info message
2016-08-30 10:41:54,982  INFO - info message
2016-08-30 10:41:54,982  INFO - info message
2016-08-30 10:41:54,982  INFO - info message
2016-08-30 10:41:54,982  INFO - info message
2016-08-30 10:41:54,982  INFO - info message
2016-08-30 10:41:54,982  INFO - info message
2016-08-30 10:41:54,982  INFO - info message
2016-08-30 10:41:54,982  INFO - info message
2016-08-30 10:41:54,982  INFO - info message
2016-08-30 10:41:54,982  INFO - info message
2016-08-30 10:41:54,982  INFO - info message
2016-08-30 10:41:54,982  INFO - info message
2016-08-30 10:41:54,982  INFO - info message
2016-08-30 10:41:54,982  INFO - info message
2016-08-30 10:41:54,982  INFO - info message
2016-08-30 10:41:54,982  INFO - info message
2016-08-30 10:41:54,982  INFO - info message
2016-08-30 10:41:54,982  INFO - info message
2016-08-30 10:41:54,982  INFO - info message
2016-08-30 10:41:55,009  WARNING - warn message
2016-08-30 10:41:55,009  WARNING - warn message
2016-08-30 10:41:55,009  WARNING - warn message
2016-08-30 10:41:55,009  WARNING - warn message
2016-08-30 10:41:55,009  WARNING - warn message
2016-08-30 10:41:55,009  WARNING - warn message
2016-08-30 10:41:55,009  WARNING - warn message
2016-08-30 10:41:55,009  WARNING - warn message
2016-08-30 10:41:55,009  WARNING - warn message
2016-08-30 10:41:55,009  WARNING - warn message
2016-08-30 10:41:55,009  WARNING - warn message
2016-08-30 10:41:55,009  WARNING - warn message
2016-08-30 10:41:55,009  WARNING - warn message
2016-08-30 10:41:55,009  WARNING - warn message
2016-08-30 10:41:55,009  WARNING - warn message
2016-08-30 10:41:55,009  WARNING - warn message
2016-08-30 10:41:55,009  WARNING - warn message
2016-08-30 10:41:55,009  WARNING - warn message
2016-08-30 10:41:55,009  WARNING - warn message
2016-08-30 10:41:55,009  WARNING - warn message
2016-08-30 10:41:55,009  WARNING - warn message
2016-08-30 10:41:55,009  WARNING - warn message
2016-08-30 10:41:55,009  WARNING - warn message
2016-08-30 10:41:55,036  ERROR - error message
2016-08-30 10:41:55,036  ERROR - error message
2016-08-30 10:41:55,036  ERROR - error message
2016-08-30 10:41:55,036  ERROR - error message
2016-08-30 10:41:55,036  ERROR - error message
2016-08-30 10:41:55,036  ERROR - error message
2016-08-30 10:41:55,036  ERROR - error message
2016-08-30 10:41:55,036  ERROR - error message
2016-08-30 10:41:55,036  ERROR - error message
2016-08-30 10:41:55,036  ERROR - error message
2016-08-30 10:41:55,036  ERROR - error message
2016-08-30 10:41:55,036  ERROR - error message
2016-08-30 10:41:55,036  ERROR - error message
2016-08-30 10:41:55,036  ERROR - error message
2016-08-30 10:41:55,036  ERROR - error message
2016-08-30 10:41:55,036  ERROR - error message
2016-08-30 10:41:55,036  ERROR - error message
2016-08-30 10:41:55,036  ERROR - error message
2016-08-30 10:41:55,036  ERROR - error message
2016-08-30 10:41:55,036  ERROR - error message
2016-08-30 10:41:55,036  ERROR - error message
2016-08-30 10:41:55,036  ERROR - error message
2016-08-30 10:41:55,036  ERROR - error message
